0 verbose cli C:\Program Files\nodejs\node.exe C:\Users\hp\AppData\Roaming\npm\node_modules\npm\bin\npm-cli.js
1 info using npm@11.5.1
2 info using node@v22.16.0
3 silly config load:file:C:\Users\hp\AppData\Roaming\npm\node_modules\npm\npmrc
4 silly config load:file:C:\Users\hp\Desktop\Web-dev\React.dev\Todo-app\project-backend\.npmrc
5 silly config load:file:C:\Users\hp\.npmrc
6 silly config load:file:C:\Users\hp\AppData\Roaming\npm\etc\npmrc
7 verbose title npm init
8 verbose argv "init"
9 verbose logfile logs-max:10 dir:C:\Users\hp\Desktop\Web-dev\React.dev\Todo-app\project-backend\UsershpAppDataLocalTempnpm-cache\_logs\2025-08-21T14_39_52_780Z-
10 verbose logfile C:\Users\hp\Desktop\Web-dev\React.dev\Todo-app\project-backend\UsershpAppDataLocalTempnpm-cache\_logs\2025-08-21T14_39_52_780Z-debug-0.log
11 silly logfile done cleaning log files
12 http fetch GET 200 https://registry.npmjs.org/npm 1711ms
13 silly package data {
13 silly package data   name: 'project-backend',
13 silly package data   version: '1.0.0',
13 silly package data   description: '',
13 silly package data   main: 'index.js',
13 silly package data   scripts: { test: 'echo "Error: no test specified" && exit 1' },
13 silly package data   author: '',
13 silly package data   license: 'ISC',
13 silly package data   type: 'commonjs'
13 silly package data }
14 verbose cwd C:\Users\hp\Desktop\Web-dev\React.dev\Todo-app\project-backend
15 verbose os Windows_NT 10.0.26100
16 verbose node v22.16.0
17 verbose npm  v11.5.1
18 notice
18 notice New [36mpatch[39m version of npm available! [36m11.5.1[39m -> [34m11.5.2[39m
18 notice Changelog: [34mhttps://github.com/npm/cli/releases/tag/v11.5.2[39m
18 notice To update run: [4mnpm install -g npm@11.5.2[24m
18 notice  { force: true, [Symbol(proc-log.meta)]: true }
19 verbose exit 0
20 info ok
