0 verbose cli C:\Program Files\nodejs\node.exe C:\Users\hp\AppData\Roaming\npm\node_modules\npm\bin\npm-cli.js
1 info using npm@11.5.1
2 info using node@v22.16.0
3 silly config load:file:C:\Users\hp\AppData\Roaming\npm\node_modules\npm\npmrc
4 silly config load:file:C:\Users\hp\Desktop\Web-dev\React.dev\Todo-app\project-backend\.npmrc
5 silly config load:file:C:\Users\hp\.npmrc
6 silly config load:file:C:\Users\hp\AppData\Roaming\npm\etc\npmrc
7 verbose title npm install express mongoose cors
8 verbose argv "install" "express" "mongoose" "cors"
9 verbose logfile logs-max:10 dir:C:\Users\hp\Desktop\Web-dev\React.dev\Todo-app\project-backend\UsershpAppDataLocalTempnpm-cache\_logs\2025-08-21T14_41_35_368Z-
10 verbose logfile C:\Users\hp\Desktop\Web-dev\React.dev\Todo-app\project-backend\UsershpAppDataLocalTempnpm-cache\_logs\2025-08-21T14_41_35_368Z-debug-0.log
11 silly logfile done cleaning log files
12 silly packumentCache heap:2197815296 maxSize:549453824 maxEntrySize:274726912
13 silly idealTree buildDeps
14 silly fetch manifest express@*
15 silly packumentCache full:https://registry.npmjs.org/express cache-miss
16 http fetch GET 200 https://registry.npmjs.org/express 387ms (cache miss)
17 silly packumentCache full:https://registry.npmjs.org/express set size:undefined disposed:false
18 silly fetch manifest mongoose@*
19 silly packumentCache full:https://registry.npmjs.org/mongoose cache-miss
20 http fetch GET 200 https://registry.npmjs.org/mongoose 527ms (cache miss)
21 silly packumentCache full:https://registry.npmjs.org/mongoose set size:undefined disposed:false
22 silly fetch manifest cors@*
23 silly packumentCache full:https://registry.npmjs.org/cors cache-miss
24 http fetch GET 200 https://registry.npmjs.org/cors 74ms (cache miss)
25 silly packumentCache full:https://registry.npmjs.org/cors set size:undefined disposed:false
26 silly placeDep ROOT cors@2.8.5 OK for: project-backend@1.0.0 want: *
27 silly placeDep ROOT express@5.1.0 OK for: project-backend@1.0.0 want: *
28 silly placeDep ROOT mongoose@8.17.2 OK for: project-backend@1.0.0 want: *
29 silly fetch manifest vary@^1
30 silly packumentCache full:https://registry.npmjs.org/vary cache-miss
31 silly fetch manifest object-assign@^4
32 silly packumentCache full:https://registry.npmjs.org/object-assign cache-miss
33 silly fetch manifest qs@^6.14.0
34 silly packumentCache full:https://registry.npmjs.org/qs cache-miss
35 silly fetch manifest etag@^1.8.1
36 silly packumentCache full:https://registry.npmjs.org/etag cache-miss
37 silly fetch manifest once@^1.4.0
38 silly packumentCache full:https://registry.npmjs.org/once cache-miss
39 silly fetch manifest send@^1.1.0
40 silly packumentCache full:https://registry.npmjs.org/send cache-miss
41 silly fetch manifest vary@^1.1.2
42 silly packumentCache full:https://registry.npmjs.org/vary cache-miss
43 http fetch GET 200 https://registry.npmjs.org/vary 105ms (cache miss)
44 silly packumentCache full:https://registry.npmjs.org/vary set size:undefined disposed:false
45 silly fetch manifest debug@^4.4.0
46 silly packumentCache full:https://registry.npmjs.org/debug cache-miss
47 http fetch GET 200 https://registry.npmjs.org/debug 86ms (cache miss)
48 silly packumentCache full:https://registry.npmjs.org/debug set size:undefined disposed:false
49 silly fetch manifest fresh@^2.0.0
50 silly packumentCache full:https://registry.npmjs.org/fresh cache-miss
51 http fetch GET 200 https://registry.npmjs.org/once 233ms (cache miss)
52 silly packumentCache full:https://registry.npmjs.org/once set size:undefined disposed:false
53 silly fetch manifest cookie@^0.7.1
54 silly packumentCache full:https://registry.npmjs.org/cookie cache-miss
55 http fetch GET 200 https://registry.npmjs.org/vary 234ms (cache miss)
56 silly packumentCache full:https://registry.npmjs.org/vary set size:undefined disposed:false
57 silly fetch manifest router@^2.2.0
58 silly packumentCache full:https://registry.npmjs.org/router cache-miss
59 http fetch GET 200 https://registry.npmjs.org/send 239ms (cache miss)
60 silly packumentCache full:https://registry.npmjs.org/send set size:undefined disposed:false
61 silly fetch manifest accepts@^2.0.0
62 silly packumentCache full:https://registry.npmjs.org/accepts cache-miss
63 http fetch GET 200 https://registry.npmjs.org/etag 248ms (cache miss)
64 silly packumentCache full:https://registry.npmjs.org/etag set size:undefined disposed:false
65 silly fetch manifest type-is@^2.0.1
66 silly packumentCache full:https://registry.npmjs.org/type-is cache-miss
67 http fetch GET 200 https://registry.npmjs.org/fresh 71ms (cache miss)
68 silly packumentCache full:https://registry.npmjs.org/fresh set size:undefined disposed:false
69 silly fetch manifest parseurl@^1.3.3
70 silly packumentCache full:https://registry.npmjs.org/parseurl cache-miss
71 http fetch GET 200 https://registry.npmjs.org/object-assign 279ms (cache miss)
72 silly packumentCache full:https://registry.npmjs.org/object-assign set size:undefined disposed:false
73 silly fetch manifest statuses@^2.0.1
74 silly packumentCache full:https://registry.npmjs.org/statuses cache-miss
75 http fetch GET 200 https://registry.npmjs.org/qs 284ms (cache miss)
76 silly packumentCache full:https://registry.npmjs.org/qs set size:undefined disposed:false
77 silly fetch manifest encodeurl@^2.0.0
78 silly packumentCache full:https://registry.npmjs.org/encodeurl cache-miss
79 http fetch GET 200 https://registry.npmjs.org/cookie 188ms (cache miss)
80 silly packumentCache full:https://registry.npmjs.org/cookie set size:undefined disposed:false
81 silly fetch manifest mime-types@^3.0.0
82 silly packumentCache full:https://registry.npmjs.org/mime-types cache-miss
83 http fetch GET 200 https://registry.npmjs.org/type-is 180ms (cache miss)
84 silly packumentCache full:https://registry.npmjs.org/type-is set size:undefined disposed:false
85 silly fetch manifest proxy-addr@^2.0.7
86 silly packumentCache full:https://registry.npmjs.org/proxy-addr cache-miss
87 http fetch GET 200 https://registry.npmjs.org/accepts 193ms (cache miss)
88 silly packumentCache full:https://registry.npmjs.org/accepts set size:undefined disposed:false
89 silly fetch manifest body-parser@^2.2.0
90 silly packumentCache full:https://registry.npmjs.org/body-parser cache-miss
91 http fetch GET 200 https://registry.npmjs.org/parseurl 176ms (cache miss)
92 silly packumentCache full:https://registry.npmjs.org/parseurl set size:undefined disposed:false
93 silly fetch manifest escape-html@^1.0.3
94 silly packumentCache full:https://registry.npmjs.org/escape-html cache-miss
95 http fetch GET 200 https://registry.npmjs.org/statuses 170ms (cache miss)
96 silly packumentCache full:https://registry.npmjs.org/statuses set size:undefined disposed:false
97 silly fetch manifest http-errors@^2.0.0
98 silly packumentCache full:https://registry.npmjs.org/http-errors cache-miss
99 http fetch GET 200 https://registry.npmjs.org/encodeurl 166ms (cache miss)
100 silly packumentCache full:https://registry.npmjs.org/encodeurl set size:undefined disposed:false
101 silly fetch manifest on-finished@^2.4.1
102 silly packumentCache full:https://registry.npmjs.org/on-finished cache-miss
103 http fetch GET 200 https://registry.npmjs.org/router 221ms (cache miss)
104 silly packumentCache full:https://registry.npmjs.org/router set size:undefined disposed:false
105 silly fetch manifest content-type@^1.0.5
106 silly packumentCache full:https://registry.npmjs.org/content-type cache-miss
107 http fetch GET 200 https://registry.npmjs.org/mime-types 152ms (cache miss)
108 silly packumentCache full:https://registry.npmjs.org/mime-types set size:undefined disposed:false
109 silly fetch manifest finalhandler@^2.1.0
110 silly packumentCache full:https://registry.npmjs.org/finalhandler cache-miss
111 http fetch GET 200 https://registry.npmjs.org/proxy-addr 168ms (cache miss)
112 silly packumentCache full:https://registry.npmjs.org/proxy-addr set size:undefined disposed:false
113 silly fetch manifest range-parser@^1.2.1
114 silly packumentCache full:https://registry.npmjs.org/range-parser cache-miss
115 http fetch GET 200 https://registry.npmjs.org/body-parser 179ms (cache miss)
116 silly packumentCache full:https://registry.npmjs.org/body-parser set size:undefined disposed:false
117 silly fetch manifest serve-static@^2.2.0
118 silly packumentCache full:https://registry.npmjs.org/serve-static cache-miss
119 http fetch GET 200 https://registry.npmjs.org/escape-html 178ms (cache miss)
120 silly packumentCache full:https://registry.npmjs.org/escape-html set size:undefined disposed:false
121 silly fetch manifest cookie-signature@^1.2.1
122 silly packumentCache full:https://registry.npmjs.org/cookie-signature cache-miss
123 http fetch GET 200 https://registry.npmjs.org/on-finished 174ms (cache miss)
124 silly packumentCache full:https://registry.npmjs.org/on-finished set size:undefined disposed:false
125 silly fetch manifest merge-descriptors@^2.0.0
126 silly packumentCache full:https://registry.npmjs.org/merge-descriptors cache-miss
127 http fetch GET 200 https://registry.npmjs.org/content-type 171ms (cache miss)
128 silly packumentCache full:https://registry.npmjs.org/content-type set size:undefined disposed:false
129 silly fetch manifest content-disposition@^1.0.0
130 silly packumentCache full:https://registry.npmjs.org/content-disposition cache-miss
131 http fetch GET 200 https://registry.npmjs.org/http-errors 180ms (cache miss)
132 silly packumentCache full:https://registry.npmjs.org/http-errors set size:undefined disposed:false
133 silly fetch manifest bson@^6.10.4
134 silly packumentCache full:https://registry.npmjs.org/bson cache-miss
135 http fetch GET 200 https://registry.npmjs.org/finalhandler 107ms (cache miss)
136 silly packumentCache full:https://registry.npmjs.org/finalhandler set size:undefined disposed:false
137 silly fetch manifest kareem@2.6.3
138 silly packumentCache full:https://registry.npmjs.org/kareem cache-miss
139 http fetch GET 200 https://registry.npmjs.org/merge-descriptors 68ms (cache miss)
140 silly packumentCache full:https://registry.npmjs.org/merge-descriptors set size:undefined disposed:false
141 silly fetch manifest mongodb@~6.18.0
142 silly packumentCache full:https://registry.npmjs.org/mongodb cache-miss
143 http fetch GET 200 https://registry.npmjs.org/cookie-signature 80ms (cache miss)
144 silly packumentCache full:https://registry.npmjs.org/cookie-signature set size:undefined disposed:false
145 silly fetch manifest mpath@0.9.0
146 silly packumentCache full:https://registry.npmjs.org/mpath cache-miss
147 http fetch GET 200 https://registry.npmjs.org/range-parser 113ms (cache miss)
148 silly packumentCache full:https://registry.npmjs.org/range-parser set size:undefined disposed:false
149 silly fetch manifest mquery@5.0.0
150 silly packumentCache full:https://registry.npmjs.org/mquery cache-miss
151 http fetch GET 200 https://registry.npmjs.org/content-disposition 117ms (cache miss)
152 silly packumentCache full:https://registry.npmjs.org/content-disposition set size:undefined disposed:false
153 silly fetch manifest ms@2.1.3
154 silly packumentCache full:https://registry.npmjs.org/ms cache-miss
155 http fetch GET 200 https://registry.npmjs.org/serve-static 194ms (cache miss)
156 silly packumentCache full:https://registry.npmjs.org/serve-static set size:undefined disposed:false
157 silly fetch manifest sift@17.1.3
158 silly packumentCache full:https://registry.npmjs.org/sift cache-miss
159 http fetch GET 200 https://registry.npmjs.org/kareem 168ms (cache miss)
160 silly packumentCache full:https://registry.npmjs.org/kareem set size:undefined disposed:false
161 http fetch GET 200 https://registry.npmjs.org/mpath 157ms (cache miss)
162 silly packumentCache full:https://registry.npmjs.org/mpath set size:undefined disposed:false
163 http fetch GET 200 https://registry.npmjs.org/bson 237ms (cache miss)
164 silly packumentCache full:https://registry.npmjs.org/bson set size:undefined disposed:false
165 http fetch GET 200 https://registry.npmjs.org/mquery 176ms (cache miss)
166 silly packumentCache full:https://registry.npmjs.org/mquery set size:undefined disposed:false
167 http fetch GET 200 https://registry.npmjs.org/ms 292ms (cache miss)
168 silly packumentCache full:https://registry.npmjs.org/ms set size:undefined disposed:false
169 http fetch GET 200 https://registry.npmjs.org/mongodb 411ms (cache miss)
170 silly packumentCache full:https://registry.npmjs.org/mongodb set size:undefined disposed:false
171 http fetch GET 200 https://registry.npmjs.org/sift 331ms (cache miss)
172 silly packumentCache full:https://registry.npmjs.org/sift set size:undefined disposed:false
173 silly placeDep ROOT object-assign@4.1.1 OK for: cors@2.8.5 want: ^4
174 silly placeDep ROOT vary@1.1.2 OK for: cors@2.8.5 want: ^1
175 silly placeDep ROOT accepts@2.0.0 OK for: express@5.1.0 want: ^2.0.0
176 silly placeDep ROOT body-parser@2.2.0 OK for: express@5.1.0 want: ^2.2.0
177 silly placeDep ROOT content-disposition@1.0.0 OK for: express@5.1.0 want: ^1.0.0
178 silly placeDep ROOT content-type@1.0.5 OK for: express@5.1.0 want: ^1.0.5
179 silly placeDep ROOT cookie@0.7.2 OK for: express@5.1.0 want: ^0.7.1
180 silly placeDep ROOT cookie-signature@1.2.2 OK for: express@5.1.0 want: ^1.2.1
181 silly placeDep ROOT debug@4.4.1 OK for: express@5.1.0 want: ^4.4.0
182 silly placeDep ROOT encodeurl@2.0.0 OK for: express@5.1.0 want: ^2.0.0
183 silly placeDep ROOT escape-html@1.0.3 OK for: express@5.1.0 want: ^1.0.3
184 silly placeDep ROOT etag@1.8.1 OK for: express@5.1.0 want: ^1.8.1
185 silly placeDep ROOT finalhandler@2.1.0 OK for: express@5.1.0 want: ^2.1.0
186 silly placeDep ROOT fresh@2.0.0 OK for: express@5.1.0 want: ^2.0.0
187 silly placeDep ROOT http-errors@2.0.0 OK for: express@5.1.0 want: ^2.0.0
188 silly placeDep ROOT merge-descriptors@2.0.0 OK for: express@5.1.0 want: ^2.0.0
189 silly placeDep ROOT mime-types@3.0.1 OK for: express@5.1.0 want: ^3.0.0
190 silly placeDep ROOT on-finished@2.4.1 OK for: express@5.1.0 want: ^2.4.1
191 silly placeDep ROOT once@1.4.0 OK for: express@5.1.0 want: ^1.4.0
192 silly placeDep ROOT parseurl@1.3.3 OK for: express@5.1.0 want: ^1.3.3
193 silly placeDep ROOT proxy-addr@2.0.7 OK for: express@5.1.0 want: ^2.0.7
194 silly placeDep ROOT qs@6.14.0 OK for: express@5.1.0 want: ^6.14.0
195 silly placeDep ROOT range-parser@1.2.1 OK for: express@5.1.0 want: ^1.2.1
196 silly placeDep ROOT router@2.2.0 OK for: express@5.1.0 want: ^2.2.0
197 silly placeDep ROOT send@1.2.0 OK for: express@5.1.0 want: ^1.1.0
198 silly placeDep ROOT serve-static@2.2.0 OK for: express@5.1.0 want: ^2.2.0
199 silly placeDep ROOT statuses@2.0.2 OK for: express@5.1.0 want: ^2.0.1
200 silly placeDep ROOT type-is@2.0.1 OK for: express@5.1.0 want: ^2.0.1
201 silly fetch manifest negotiator@^1.0.0
202 silly packumentCache full:https://registry.npmjs.org/negotiator cache-miss
203 silly fetch manifest bytes@^3.1.2
204 silly packumentCache full:https://registry.npmjs.org/bytes cache-miss
205 silly fetch manifest iconv-lite@^0.6.3
206 silly packumentCache full:https://registry.npmjs.org/iconv-lite cache-miss
207 silly fetch manifest raw-body@^3.0.0
208 silly packumentCache full:https://registry.npmjs.org/raw-body cache-miss
209 silly fetch manifest type-is@^2.0.0
210 silly packumentCache full:https://registry.npmjs.org/type-is cache-miss
211 silly fetch manifest safe-buffer@5.2.1
212 silly packumentCache full:https://registry.npmjs.org/safe-buffer cache-miss
213 silly fetch manifest ms@^2.1.3
214 silly packumentCache full:https://registry.npmjs.org/ms cache-miss
215 http cache https://registry.npmjs.org/type-is 12ms (cache hit)
216 silly packumentCache full:https://registry.npmjs.org/type-is set size:86196 disposed:false
217 silly fetch manifest depd@2.0.0
218 silly packumentCache full:https://registry.npmjs.org/depd cache-miss
219 http cache https://registry.npmjs.org/ms 14ms (cache hit)
220 silly packumentCache full:https://registry.npmjs.org/ms set size:84883 disposed:false
221 silly fetch manifest inherits@2.0.4
222 silly packumentCache full:https://registry.npmjs.org/inherits cache-miss
223 http fetch GET 200 https://registry.npmjs.org/bytes 86ms (cache miss)
224 silly packumentCache full:https://registry.npmjs.org/bytes set size:undefined disposed:false
225 silly fetch manifest statuses@2.0.1
226 silly packumentCache full:https://registry.npmjs.org/statuses cache-miss
227 http cache https://registry.npmjs.org/statuses 4ms (cache hit)
228 silly packumentCache full:https://registry.npmjs.org/statuses set size:37117 disposed:false
229 silly fetch manifest toidentifier@1.0.1
230 silly packumentCache full:https://registry.npmjs.org/toidentifier cache-miss
231 http fetch GET 200 https://registry.npmjs.org/iconv-lite 116ms (cache miss)
232 silly packumentCache full:https://registry.npmjs.org/iconv-lite set size:undefined disposed:false
233 silly fetch manifest setprototypeof@1.2.0
234 silly packumentCache full:https://registry.npmjs.org/setprototypeof cache-miss
235 http fetch GET 200 https://registry.npmjs.org/raw-body 133ms (cache miss)
236 silly packumentCache full:https://registry.npmjs.org/raw-body set size:undefined disposed:false
237 silly fetch manifest mime-db@^1.54.0
238 silly packumentCache full:https://registry.npmjs.org/mime-db cache-miss
239 http fetch GET 200 https://registry.npmjs.org/depd 126ms (cache miss)
240 silly packumentCache full:https://registry.npmjs.org/depd set size:undefined disposed:false
241 silly fetch manifest ee-first@1.1.1
242 silly packumentCache full:https://registry.npmjs.org/ee-first cache-miss
243 http fetch GET 200 https://registry.npmjs.org/inherits 129ms (cache miss)
244 silly packumentCache full:https://registry.npmjs.org/inherits set size:undefined disposed:false
245 silly fetch manifest wrappy@1
246 silly packumentCache full:https://registry.npmjs.org/wrappy cache-miss
247 http fetch GET 200 https://registry.npmjs.org/negotiator 150ms (cache miss)
248 silly packumentCache full:https://registry.npmjs.org/negotiator set size:undefined disposed:false
249 silly fetch manifest forwarded@0.2.0
250 silly packumentCache full:https://registry.npmjs.org/forwarded cache-miss
251 http fetch GET 200 https://registry.npmjs.org/safe-buffer 151ms (cache miss)
252 silly packumentCache full:https://registry.npmjs.org/safe-buffer set size:undefined disposed:false
253 silly fetch manifest ipaddr.js@1.9.1
254 silly packumentCache full:https://registry.npmjs.org/ipaddr.js cache-miss
255 http fetch GET 200 https://registry.npmjs.org/setprototypeof 90ms (cache miss)
256 silly packumentCache full:https://registry.npmjs.org/setprototypeof set size:undefined disposed:false
257 silly fetch manifest side-channel@^1.1.0
258 silly packumentCache full:https://registry.npmjs.org/side-channel cache-miss
259 http fetch GET 200 https://registry.npmjs.org/wrappy 78ms (cache miss)
260 silly packumentCache full:https://registry.npmjs.org/wrappy set size:undefined disposed:false
261 silly fetch manifest depd@^2.0.0
262 silly packumentCache full:https://registry.npmjs.org/depd cache-miss
263 http fetch GET 200 https://registry.npmjs.org/toidentifier 136ms (cache miss)
264 silly packumentCache full:https://registry.npmjs.org/toidentifier set size:undefined disposed:false
265 silly fetch manifest is-promise@^4.0.0
266 silly packumentCache full:https://registry.npmjs.org/is-promise cache-miss
267 http cache https://registry.npmjs.org/depd 13ms (cache hit)
268 silly packumentCache full:https://registry.npmjs.org/depd set size:40182 disposed:false
269 silly fetch manifest path-to-regexp@^8.0.0
270 silly packumentCache full:https://registry.npmjs.org/path-to-regexp cache-miss
271 http fetch GET 200 https://registry.npmjs.org/ee-first 101ms (cache miss)
272 silly packumentCache full:https://registry.npmjs.org/ee-first set size:undefined disposed:false
273 silly fetch manifest media-typer@^1.1.0
274 silly packumentCache full:https://registry.npmjs.org/media-typer cache-miss
275 http fetch GET 200 https://registry.npmjs.org/forwarded 95ms (cache miss)
276 silly packumentCache full:https://registry.npmjs.org/forwarded set size:undefined disposed:false
277 http fetch GET 200 https://registry.npmjs.org/mime-db 112ms (cache miss)
278 silly packumentCache full:https://registry.npmjs.org/mime-db set size:undefined disposed:false
279 http fetch GET 200 https://registry.npmjs.org/ipaddr.js 98ms (cache miss)
280 silly packumentCache full:https://registry.npmjs.org/ipaddr.js set size:undefined disposed:false
281 http fetch GET 200 https://registry.npmjs.org/is-promise 88ms (cache miss)
282 silly packumentCache full:https://registry.npmjs.org/is-promise set size:undefined disposed:false
283 http fetch GET 200 https://registry.npmjs.org/side-channel 145ms (cache miss)
284 silly packumentCache full:https://registry.npmjs.org/side-channel set size:undefined disposed:false
285 http fetch GET 200 https://registry.npmjs.org/path-to-regexp 115ms (cache miss)
286 silly packumentCache full:https://registry.npmjs.org/path-to-regexp set size:undefined disposed:false
287 http fetch GET 200 https://registry.npmjs.org/media-typer 117ms (cache miss)
288 silly packumentCache full:https://registry.npmjs.org/media-typer set size:undefined disposed:false
289 silly placeDep ROOT negotiator@1.0.0 OK for: accepts@2.0.0 want: ^1.0.0
290 silly placeDep ROOT bytes@3.1.2 OK for: body-parser@2.2.0 want: ^3.1.2
291 silly placeDep ROOT iconv-lite@0.6.3 OK for: body-parser@2.2.0 want: ^0.6.3
292 silly placeDep ROOT raw-body@3.0.0 OK for: body-parser@2.2.0 want: ^3.0.0
293 silly fetch manifest safer-buffer@>= 2.1.2 < 3.0.0
294 silly packumentCache full:https://registry.npmjs.org/safer-buffer cache-miss
295 silly fetch manifest unpipe@1.0.0
296 silly packumentCache full:https://registry.npmjs.org/unpipe cache-miss
297 http fetch GET 200 https://registry.npmjs.org/safer-buffer 82ms (cache miss)
298 silly packumentCache full:https://registry.npmjs.org/safer-buffer set size:undefined disposed:false
299 http fetch GET 200 https://registry.npmjs.org/unpipe 82ms (cache miss)
300 silly packumentCache full:https://registry.npmjs.org/unpipe set size:undefined disposed:false
301 silly placeDep ROOT safe-buffer@5.2.1 OK for: content-disposition@1.0.0 want: 5.2.1
302 silly placeDep ROOT ms@2.1.3 OK for: debug@4.4.1 want: ^2.1.3
303 silly placeDep ROOT depd@2.0.0 OK for: http-errors@2.0.0 want: 2.0.0
304 silly placeDep ROOT inherits@2.0.4 OK for: http-errors@2.0.0 want: 2.0.4
305 silly placeDep ROOT setprototypeof@1.2.0 OK for: http-errors@2.0.0 want: 1.2.0
306 silly placeDep node_modules/http-errors statuses@2.0.1 OK for: http-errors@2.0.0 want: 2.0.1
307 silly placeDep ROOT toidentifier@1.0.1 OK for: http-errors@2.0.0 want: 1.0.1
308 silly placeDep ROOT safer-buffer@2.1.2 OK for: iconv-lite@0.6.3 want: >= 2.1.2 < 3.0.0
309 silly placeDep ROOT mime-db@1.54.0 OK for: mime-types@3.0.1 want: ^1.54.0
310 silly fetch manifest @aws-sdk/credential-providers@^3.188.0
311 silly packumentCache full:https://registry.npmjs.org/@aws-sdk%2fcredential-providers cache-miss
312 http fetch GET 200 https://registry.npmjs.org/@aws-sdk%2fcredential-providers 382ms (cache miss)
313 silly packumentCache full:https://registry.npmjs.org/@aws-sdk%2fcredential-providers set size:undefined disposed:false
314 silly fetch manifest @mongodb-js/zstd@^1.1.0 || ^2.0.0
315 silly packumentCache full:https://registry.npmjs.org/@mongodb-js%2fzstd cache-miss
316 http fetch GET 200 https://registry.npmjs.org/@mongodb-js%2fzstd 258ms (cache miss)
317 silly packumentCache full:https://registry.npmjs.org/@mongodb-js%2fzstd set size:undefined disposed:false
318 silly fetch manifest gcp-metadata@^5.2.0
319 silly packumentCache full:https://registry.npmjs.org/gcp-metadata cache-miss
320 http fetch GET 200 https://registry.npmjs.org/gcp-metadata 112ms (cache miss)
321 silly packumentCache full:https://registry.npmjs.org/gcp-metadata set size:undefined disposed:false
322 silly fetch manifest kerberos@^2.0.1
323 silly packumentCache full:https://registry.npmjs.org/kerberos cache-miss
324 http fetch GET 200 https://registry.npmjs.org/kerberos 90ms (cache miss)
325 silly packumentCache full:https://registry.npmjs.org/kerberos set size:undefined disposed:false
326 silly fetch manifest mongodb-client-encryption@>=6.0.0 <7
327 silly packumentCache full:https://registry.npmjs.org/mongodb-client-encryption cache-miss
328 http fetch GET 200 https://registry.npmjs.org/mongodb-client-encryption 90ms (cache miss)
329 silly packumentCache full:https://registry.npmjs.org/mongodb-client-encryption set size:undefined disposed:false
330 silly fetch manifest snappy@^7.2.2
331 silly packumentCache full:https://registry.npmjs.org/snappy cache-miss
332 http fetch GET 200 https://registry.npmjs.org/snappy 100ms (cache miss)
333 silly packumentCache full:https://registry.npmjs.org/snappy set size:undefined disposed:false
334 silly fetch manifest socks@^2.7.1
335 silly packumentCache full:https://registry.npmjs.org/socks cache-miss
336 http fetch GET 200 https://registry.npmjs.org/socks 98ms (cache miss)
337 silly packumentCache full:https://registry.npmjs.org/socks set size:undefined disposed:false
338 silly placeDep ROOT bson@6.10.4 OK for: mongoose@8.17.2 want: ^6.10.4
339 silly placeDep ROOT kareem@2.6.3 OK for: mongoose@8.17.2 want: 2.6.3
340 silly placeDep ROOT mongodb@6.18.0 OK for: mongoose@8.17.2 want: ~6.18.0
341 silly placeDep ROOT mpath@0.9.0 OK for: mongoose@8.17.2 want: 0.9.0
342 silly placeDep ROOT mquery@5.0.0 OK for: mongoose@8.17.2 want: 5.0.0
343 silly placeDep ROOT sift@17.1.3 OK for: mongoose@8.17.2 want: 17.1.3
344 silly fetch manifest @mongodb-js/saslprep@^1.1.9
345 silly packumentCache full:https://registry.npmjs.org/@mongodb-js%2fsaslprep cache-miss
346 silly fetch manifest mongodb-connection-string-url@^3.0.0
347 silly packumentCache full:https://registry.npmjs.org/mongodb-connection-string-url cache-miss
348 http fetch GET 200 https://registry.npmjs.org/mongodb-connection-string-url 77ms (cache miss)
349 silly packumentCache full:https://registry.npmjs.org/mongodb-connection-string-url set size:undefined disposed:false
350 http fetch GET 200 https://registry.npmjs.org/@mongodb-js%2fsaslprep 89ms (cache miss)
351 silly packumentCache full:https://registry.npmjs.org/@mongodb-js%2fsaslprep set size:undefined disposed:false
352 silly placeDep ROOT @mongodb-js/saslprep@1.3.0 OK for: mongodb@6.18.0 want: ^1.1.9
353 silly placeDep ROOT mongodb-connection-string-url@3.0.2 OK for: mongodb@6.18.0 want: ^3.0.0
354 silly fetch manifest sparse-bitfield@^3.0.3
355 silly packumentCache full:https://registry.npmjs.org/sparse-bitfield cache-miss
356 silly fetch manifest whatwg-url@^14.1.0 || ^13.0.0
357 silly packumentCache full:https://registry.npmjs.org/whatwg-url cache-miss
358 silly fetch manifest @types/whatwg-url@^11.0.2
359 silly packumentCache full:https://registry.npmjs.org/@types%2fwhatwg-url cache-miss
360 http fetch GET 200 https://registry.npmjs.org/sparse-bitfield 79ms (cache miss)
361 silly packumentCache full:https://registry.npmjs.org/sparse-bitfield set size:undefined disposed:false
362 http fetch GET 200 https://registry.npmjs.org/@types%2fwhatwg-url 120ms (cache miss)
363 silly packumentCache full:https://registry.npmjs.org/@types%2fwhatwg-url set size:undefined disposed:false
364 http fetch GET 200 https://registry.npmjs.org/whatwg-url 121ms (cache miss)
365 silly packumentCache full:https://registry.npmjs.org/whatwg-url set size:undefined disposed:false
366 silly placeDep ROOT sparse-bitfield@3.0.3 OK for: @mongodb-js/saslprep@1.3.0 want: ^3.0.3
367 silly fetch manifest memory-pager@^1.0.2
368 silly packumentCache full:https://registry.npmjs.org/memory-pager cache-miss
369 http fetch GET 200 https://registry.npmjs.org/memory-pager 918ms (cache miss)
370 silly packumentCache full:https://registry.npmjs.org/memory-pager set size:undefined disposed:false
371 silly placeDep ROOT @types/whatwg-url@11.0.5 OK for: mongodb-connection-string-url@3.0.2 want: ^11.0.2
372 silly placeDep ROOT whatwg-url@14.2.0 OK for: mongodb-connection-string-url@3.0.2 want: ^14.1.0 || ^13.0.0
373 silly fetch manifest @types/webidl-conversions@*
374 silly packumentCache full:https://registry.npmjs.org/@types%2fwebidl-conversions cache-miss
375 silly fetch manifest tr46@^5.1.0
376 silly packumentCache full:https://registry.npmjs.org/tr46 cache-miss
377 silly fetch manifest webidl-conversions@^7.0.0
378 silly packumentCache full:https://registry.npmjs.org/webidl-conversions cache-miss
379 http fetch GET 200 https://registry.npmjs.org/tr46 74ms (cache miss)
380 silly packumentCache full:https://registry.npmjs.org/tr46 set size:undefined disposed:false
381 http fetch GET 200 https://registry.npmjs.org/webidl-conversions 101ms (cache miss)
382 silly packumentCache full:https://registry.npmjs.org/webidl-conversions set size:undefined disposed:false
383 http fetch GET 200 https://registry.npmjs.org/@types%2fwebidl-conversions 118ms (cache miss)
384 silly packumentCache full:https://registry.npmjs.org/@types%2fwebidl-conversions set size:undefined disposed:false
385 silly placeDep ROOT @types/webidl-conversions@7.0.3 OK for: @types/whatwg-url@11.0.5 want: *
386 silly placeDep ROOT ee-first@1.1.1 OK for: on-finished@2.4.1 want: 1.1.1
387 silly placeDep ROOT wrappy@1.0.2 OK for: once@1.4.0 want: 1
388 silly placeDep ROOT forwarded@0.2.0 OK for: proxy-addr@2.0.7 want: 0.2.0
389 silly placeDep ROOT ipaddr.js@1.9.1 OK for: proxy-addr@2.0.7 want: 1.9.1
390 silly placeDep ROOT side-channel@1.1.0 OK for: qs@6.14.0 want: ^1.1.0
391 silly fetch manifest es-errors@^1.3.0
392 silly packumentCache full:https://registry.npmjs.org/es-errors cache-miss
393 silly fetch manifest object-inspect@^1.13.3
394 silly packumentCache full:https://registry.npmjs.org/object-inspect cache-miss
395 silly fetch manifest side-channel-list@^1.0.0
396 silly packumentCache full:https://registry.npmjs.org/side-channel-list cache-miss
397 silly fetch manifest side-channel-map@^1.0.1
398 silly packumentCache full:https://registry.npmjs.org/side-channel-map cache-miss
399 silly fetch manifest side-channel-weakmap@^1.0.2
400 silly packumentCache full:https://registry.npmjs.org/side-channel-weakmap cache-miss
401 http fetch GET 200 https://registry.npmjs.org/side-channel-weakmap 57ms (cache miss)
402 silly packumentCache full:https://registry.npmjs.org/side-channel-weakmap set size:undefined disposed:false
403 http fetch GET 200 https://registry.npmjs.org/side-channel-map 66ms (cache miss)
404 silly packumentCache full:https://registry.npmjs.org/side-channel-map set size:undefined disposed:false
405 http fetch GET 200 https://registry.npmjs.org/es-errors 69ms (cache miss)
406 silly packumentCache full:https://registry.npmjs.org/es-errors set size:undefined disposed:false
407 http fetch GET 200 https://registry.npmjs.org/side-channel-list 75ms (cache miss)
408 silly packumentCache full:https://registry.npmjs.org/side-channel-list set size:undefined disposed:false
409 http fetch GET 200 https://registry.npmjs.org/object-inspect 107ms (cache miss)
410 silly packumentCache full:https://registry.npmjs.org/object-inspect set size:undefined disposed:false
411 silly placeDep ROOT unpipe@1.0.0 OK for: raw-body@3.0.0 want: 1.0.0
412 silly placeDep ROOT is-promise@4.0.0 OK for: router@2.2.0 want: ^4.0.0
413 silly placeDep ROOT path-to-regexp@8.2.0 OK for: router@2.2.0 want: ^8.0.0
414 silly placeDep ROOT es-errors@1.3.0 OK for: side-channel@1.1.0 want: ^1.3.0
415 silly placeDep ROOT object-inspect@1.13.4 OK for: side-channel@1.1.0 want: ^1.13.3
416 silly placeDep ROOT side-channel-list@1.0.0 OK for: side-channel@1.1.0 want: ^1.0.0
417 silly placeDep ROOT side-channel-map@1.0.1 OK for: side-channel@1.1.0 want: ^1.0.1
418 silly placeDep ROOT side-channel-weakmap@1.0.2 OK for: side-channel@1.1.0 want: ^1.0.2
419 silly fetch manifest call-bound@^1.0.2
420 silly packumentCache full:https://registry.npmjs.org/call-bound cache-miss
421 silly fetch manifest get-intrinsic@^1.2.5
422 silly packumentCache full:https://registry.npmjs.org/get-intrinsic cache-miss
423 silly fetch manifest call-bound@^1.0.2
424 silly packumentCache full:https://registry.npmjs.org/call-bound cache-miss
425 silly fetch manifest get-intrinsic@^1.2.5
426 silly packumentCache full:https://registry.npmjs.org/get-intrinsic cache-miss
427 http fetch GET 200 https://registry.npmjs.org/get-intrinsic 77ms (cache miss)
428 silly packumentCache full:https://registry.npmjs.org/get-intrinsic set size:undefined disposed:false
429 http fetch GET 200 https://registry.npmjs.org/call-bound 82ms (cache miss)
430 silly packumentCache full:https://registry.npmjs.org/call-bound set size:undefined disposed:false
431 http fetch GET 200 https://registry.npmjs.org/call-bound 102ms (cache miss)
432 silly packumentCache full:https://registry.npmjs.org/call-bound set size:undefined disposed:false
433 http fetch GET 200 https://registry.npmjs.org/get-intrinsic 124ms (cache miss)
434 silly packumentCache full:https://registry.npmjs.org/get-intrinsic set size:undefined disposed:false
435 silly placeDep ROOT call-bound@1.0.4 OK for: side-channel-map@1.0.1 want: ^1.0.2
436 silly placeDep ROOT get-intrinsic@1.3.0 OK for: side-channel-map@1.0.1 want: ^1.2.5
437 silly fetch manifest call-bind-apply-helpers@^1.0.2
438 silly packumentCache full:https://registry.npmjs.org/call-bind-apply-helpers cache-miss
439 silly fetch manifest get-intrinsic@^1.3.0
440 silly packumentCache full:https://registry.npmjs.org/get-intrinsic cache-miss
441 silly fetch manifest call-bind-apply-helpers@^1.0.2
442 silly packumentCache full:https://registry.npmjs.org/call-bind-apply-helpers cache-miss
443 silly fetch manifest es-define-property@^1.0.1
444 silly packumentCache full:https://registry.npmjs.org/es-define-property cache-miss
445 silly fetch manifest es-object-atoms@^1.1.1
446 silly packumentCache full:https://registry.npmjs.org/es-object-atoms cache-miss
447 silly fetch manifest function-bind@^1.1.2
448 silly packumentCache full:https://registry.npmjs.org/function-bind cache-miss
449 silly fetch manifest get-proto@^1.0.1
450 silly packumentCache full:https://registry.npmjs.org/get-proto cache-miss
451 http cache https://registry.npmjs.org/get-intrinsic 13ms (cache hit)
452 silly packumentCache full:https://registry.npmjs.org/get-intrinsic set size:57687 disposed:false
453 silly fetch manifest gopd@^1.2.0
454 silly packumentCache full:https://registry.npmjs.org/gopd cache-miss
455 http fetch GET 200 https://registry.npmjs.org/get-proto 58ms (cache miss)
456 silly packumentCache full:https://registry.npmjs.org/get-proto set size:undefined disposed:false
457 silly fetch manifest has-symbols@^1.1.0
458 silly packumentCache full:https://registry.npmjs.org/has-symbols cache-miss
459 http fetch GET 200 https://registry.npmjs.org/call-bind-apply-helpers 65ms (cache miss)
460 silly packumentCache full:https://registry.npmjs.org/call-bind-apply-helpers set size:undefined disposed:false
461 silly fetch manifest hasown@^2.0.2
462 silly packumentCache full:https://registry.npmjs.org/hasown cache-miss
463 http fetch GET 200 https://registry.npmjs.org/es-object-atoms 76ms (cache miss)
464 silly packumentCache full:https://registry.npmjs.org/es-object-atoms set size:undefined disposed:false
465 silly fetch manifest math-intrinsics@^1.1.0
466 silly packumentCache full:https://registry.npmjs.org/math-intrinsics cache-miss
467 http fetch GET 200 https://registry.npmjs.org/gopd 66ms (cache miss)
468 silly packumentCache full:https://registry.npmjs.org/gopd set size:undefined disposed:false
469 http fetch GET 200 https://registry.npmjs.org/function-bind 79ms (cache miss)
470 silly packumentCache full:https://registry.npmjs.org/function-bind set size:undefined disposed:false
471 http fetch GET 200 https://registry.npmjs.org/es-define-property 81ms (cache miss)
472 silly packumentCache full:https://registry.npmjs.org/es-define-property set size:undefined disposed:false
473 http fetch GET 200 https://registry.npmjs.org/call-bind-apply-helpers 95ms (cache miss)
474 silly packumentCache full:https://registry.npmjs.org/call-bind-apply-helpers set size:undefined disposed:false
475 http fetch GET 200 https://registry.npmjs.org/has-symbols 59ms (cache miss)
476 silly packumentCache full:https://registry.npmjs.org/has-symbols set size:undefined disposed:false
477 http fetch GET 200 https://registry.npmjs.org/hasown 64ms (cache miss)
478 silly packumentCache full:https://registry.npmjs.org/hasown set size:undefined disposed:false
479 http fetch GET 200 https://registry.npmjs.org/math-intrinsics 69ms (cache miss)
480 silly packumentCache full:https://registry.npmjs.org/math-intrinsics set size:undefined disposed:false
481 silly placeDep ROOT call-bind-apply-helpers@1.0.2 OK for: call-bound@1.0.4 want: ^1.0.2
482 silly placeDep ROOT function-bind@1.1.2 OK for: call-bind-apply-helpers@1.0.2 want: ^1.1.2
483 silly placeDep ROOT es-define-property@1.0.1 OK for: get-intrinsic@1.3.0 want: ^1.0.1
484 silly placeDep ROOT es-object-atoms@1.1.1 OK for: get-intrinsic@1.3.0 want: ^1.1.1
485 silly placeDep ROOT get-proto@1.0.1 OK for: get-intrinsic@1.3.0 want: ^1.0.1
486 silly placeDep ROOT gopd@1.2.0 OK for: get-intrinsic@1.3.0 want: ^1.2.0
487 silly placeDep ROOT has-symbols@1.1.0 OK for: get-intrinsic@1.3.0 want: ^1.1.0
488 silly placeDep ROOT hasown@2.0.2 OK for: get-intrinsic@1.3.0 want: ^2.0.2
489 silly placeDep ROOT math-intrinsics@1.1.0 OK for: get-intrinsic@1.3.0 want: ^1.1.0
490 silly fetch manifest dunder-proto@^1.0.1
491 silly packumentCache full:https://registry.npmjs.org/dunder-proto cache-miss
492 http fetch GET 200 https://registry.npmjs.org/dunder-proto 90ms (cache miss)
493 silly packumentCache full:https://registry.npmjs.org/dunder-proto set size:undefined disposed:false
494 silly placeDep ROOT dunder-proto@1.0.1 OK for: get-proto@1.0.1 want: ^1.0.1
495 silly placeDep ROOT memory-pager@1.5.0 OK for: sparse-bitfield@3.0.3 want: ^1.0.2
496 silly placeDep ROOT media-typer@1.1.0 OK for: type-is@2.0.1 want: ^1.1.0
497 silly placeDep ROOT tr46@5.1.1 OK for: whatwg-url@14.2.0 want: ^5.1.0
498 silly placeDep ROOT webidl-conversions@7.0.0 OK for: whatwg-url@14.2.0 want: ^7.0.0
499 silly fetch manifest punycode@^2.3.1
500 silly packumentCache full:https://registry.npmjs.org/punycode cache-miss
501 http fetch GET 200 https://registry.npmjs.org/punycode 121ms (cache miss)
502 silly packumentCache full:https://registry.npmjs.org/punycode set size:undefined disposed:false
503 silly placeDep ROOT punycode@2.3.1 OK for: tr46@5.1.1 want: ^2.3.1
504 silly reify moves {}
505 silly audit bulk request {
505 silly audit   cors: [ '2.8.5' ],
505 silly audit   express: [ '5.1.0' ],
505 silly audit   mongoose: [ '8.17.2' ],
505 silly audit   'object-assign': [ '4.1.1' ],
505 silly audit   vary: [ '1.1.2' ],
505 silly audit   accepts: [ '2.0.0' ],
505 silly audit   'body-parser': [ '2.2.0' ],
505 silly audit   'content-disposition': [ '1.0.0' ],
505 silly audit   'content-type': [ '1.0.5' ],
505 silly audit   cookie: [ '0.7.2' ],
505 silly audit   'cookie-signature': [ '1.2.2' ],
505 silly audit   debug: [ '4.4.1' ],
505 silly audit   encodeurl: [ '2.0.0' ],
505 silly audit   'escape-html': [ '1.0.3' ],
505 silly audit   etag: [ '1.8.1' ],
505 silly audit   finalhandler: [ '2.1.0' ],
505 silly audit   fresh: [ '2.0.0' ],
505 silly audit   'http-errors': [ '2.0.0' ],
505 silly audit   'merge-descriptors': [ '2.0.0' ],
505 silly audit   'mime-types': [ '3.0.1' ],
505 silly audit   'on-finished': [ '2.4.1' ],
505 silly audit   once: [ '1.4.0' ],
505 silly audit   parseurl: [ '1.3.3' ],
505 silly audit   'proxy-addr': [ '2.0.7' ],
505 silly audit   qs: [ '6.14.0' ],
505 silly audit   'range-parser': [ '1.2.1' ],
505 silly audit   router: [ '2.2.0' ],
505 silly audit   send: [ '1.2.0' ],
505 silly audit   'serve-static': [ '2.2.0' ],
505 silly audit   statuses: [ '2.0.2', '2.0.1' ],
505 silly audit   'type-is': [ '2.0.1' ],
505 silly audit   negotiator: [ '1.0.0' ],
505 silly audit   bytes: [ '3.1.2' ],
505 silly audit   'iconv-lite': [ '0.6.3' ],
505 silly audit   'raw-body': [ '3.0.0' ],
505 silly audit   'safe-buffer': [ '5.2.1' ],
505 silly audit   ms: [ '2.1.3' ],
505 silly audit   depd: [ '2.0.0' ],
505 silly audit   inherits: [ '2.0.4' ],
505 silly audit   setprototypeof: [ '1.2.0' ],
505 silly audit   toidentifier: [ '1.0.1' ],
505 silly audit   'safer-buffer': [ '2.1.2' ],
505 silly audit   'mime-db': [ '1.54.0' ],
505 silly audit   bson: [ '6.10.4' ],
505 silly audit   kareem: [ '2.6.3' ],
505 silly audit   mongodb: [ '6.18.0' ],
505 silly audit   mpath: [ '0.9.0' ],
505 silly audit   mquery: [ '5.0.0' ],
505 silly audit   sift: [ '17.1.3' ],
505 silly audit   '@mongodb-js/saslprep': [ '1.3.0' ],
505 silly audit   'mongodb-connection-string-url': [ '3.0.2' ],
505 silly audit   'sparse-bitfield': [ '3.0.3' ],
505 silly audit   '@types/whatwg-url': [ '11.0.5' ],
505 silly audit   'whatwg-url': [ '14.2.0' ],
505 silly audit   '@types/webidl-conversions': [ '7.0.3' ],
505 silly audit   'ee-first': [ '1.1.1' ],
505 silly audit   wrappy: [ '1.0.2' ],
505 silly audit   forwarded: [ '0.2.0' ],
505 silly audit   'ipaddr.js': [ '1.9.1' ],
505 silly audit   'side-channel': [ '1.1.0' ],
505 silly audit   unpipe: [ '1.0.0' ],
505 silly audit   'is-promise': [ '4.0.0' ],
505 silly audit   'path-to-regexp': [ '8.2.0' ],
505 silly audit   'es-errors': [ '1.3.0' ],
505 silly audit   'object-inspect': [ '1.13.4' ],
505 silly audit   'side-channel-list': [ '1.0.0' ],
505 silly audit   'side-channel-map': [ '1.0.1' ],
505 silly audit   'side-channel-weakmap': [ '1.0.2' ],
505 silly audit   'call-bound': [ '1.0.4' ],
505 silly audit   'get-intrinsic': [ '1.3.0' ],
505 silly audit   'call-bind-apply-helpers': [ '1.0.2' ],
505 silly audit   'function-bind': [ '1.1.2' ],
505 silly audit   'es-define-property': [ '1.0.1' ],
505 silly audit   'es-object-atoms': [ '1.1.1' ],
505 silly audit   'get-proto': [ '1.0.1' ],
505 silly audit   gopd: [ '1.2.0' ],
505 silly audit   'has-symbols': [ '1.1.0' ],
505 silly audit   hasown: [ '2.0.2' ],
505 silly audit   'math-intrinsics': [ '1.1.0' ],
505 silly audit   'dunder-proto': [ '1.0.1' ],
505 silly audit   'memory-pager': [ '1.5.0' ],
505 silly audit   'media-typer': [ '1.1.0' ],
505 silly audit   tr46: [ '5.1.1' ],
505 silly audit   'webidl-conversions': [ '7.0.0' ],
505 silly audit   punycode: [ '2.3.1' ]
505 silly audit }
506 http cache punycode@https://registry.npmjs.org/punycode/-/punycode-2.3.1.tgz 0ms (cache hit)
507 http cache tr46@https://registry.npmjs.org/tr46/-/tr46-5.1.1.tgz 0ms (cache hit)
508 http cache webidl-conversions@https://registry.npmjs.org/webidl-conversions/-/webidl-conversions-7.0.0.tgz 0ms (cache hit)
509 http cache media-typer@https://registry.npmjs.org/media-typer/-/media-typer-1.1.0.tgz 0ms (cache hit)
510 http cache math-intrinsics@https://registry.npmjs.org/math-intrinsics/-/math-intrinsics-1.1.0.tgz 0ms (cache hit)
511 http cache dunder-proto@https://registry.npmjs.org/dunder-proto/-/dunder-proto-1.0.1.tgz 0ms (cache hit)
512 http cache memory-pager@https://registry.npmjs.org/memory-pager/-/memory-pager-1.5.0.tgz 0ms (cache hit)
513 http cache has-symbols@https://registry.npmjs.org/has-symbols/-/has-symbols-1.1.0.tgz 0ms (cache hit)
514 http cache gopd@https://registry.npmjs.org/gopd/-/gopd-1.2.0.tgz 0ms (cache hit)
515 http cache hasown@https://registry.npmjs.org/hasown/-/hasown-2.0.2.tgz 0ms (cache hit)
516 http cache get-proto@https://registry.npmjs.org/get-proto/-/get-proto-1.0.1.tgz 0ms (cache hit)
517 http cache function-bind@https://registry.npmjs.org/function-bind/-/function-bind-1.1.2.tgz 0ms (cache hit)
518 http cache es-object-atoms@https://registry.npmjs.org/es-object-atoms/-/es-object-atoms-1.1.1.tgz 0ms (cache hit)
519 http cache es-define-property@https://registry.npmjs.org/es-define-property/-/es-define-property-1.0.1.tgz 0ms (cache hit)
520 http cache get-intrinsic@https://registry.npmjs.org/get-intrinsic/-/get-intrinsic-1.3.0.tgz 0ms (cache hit)
521 http cache call-bound@https://registry.npmjs.org/call-bound/-/call-bound-1.0.4.tgz 0ms (cache hit)
522 http cache side-channel-weakmap@https://registry.npmjs.org/side-channel-weakmap/-/side-channel-weakmap-1.0.2.tgz 0ms (cache hit)
523 http cache call-bind-apply-helpers@https://registry.npmjs.org/call-bind-apply-helpers/-/call-bind-apply-helpers-1.0.2.tgz 0ms (cache hit)
524 http cache side-channel-map@https://registry.npmjs.org/side-channel-map/-/side-channel-map-1.0.1.tgz 0ms (cache hit)
525 http cache object-inspect@https://registry.npmjs.org/object-inspect/-/object-inspect-1.13.4.tgz 0ms (cache hit)
526 http cache side-channel-list@https://registry.npmjs.org/side-channel-list/-/side-channel-list-1.0.0.tgz 0ms (cache hit)
527 http cache es-errors@https://registry.npmjs.org/es-errors/-/es-errors-1.3.0.tgz 0ms (cache hit)
528 http cache path-to-regexp@https://registry.npmjs.org/path-to-regexp/-/path-to-regexp-8.2.0.tgz 0ms (cache hit)
529 http cache is-promise@https://registry.npmjs.org/is-promise/-/is-promise-4.0.0.tgz 0ms (cache hit)
530 http cache unpipe@https://registry.npmjs.org/unpipe/-/unpipe-1.0.0.tgz 0ms (cache hit)
531 http cache side-channel@https://registry.npmjs.org/side-channel/-/side-channel-1.1.0.tgz 0ms (cache hit)
532 http cache ipaddr.js@https://registry.npmjs.org/ipaddr.js/-/ipaddr.js-1.9.1.tgz 0ms (cache hit)
533 http cache forwarded@https://registry.npmjs.org/forwarded/-/forwarded-0.2.0.tgz 0ms (cache hit)
534 http cache ee-first@https://registry.npmjs.org/ee-first/-/ee-first-1.1.1.tgz 0ms (cache hit)
535 http cache wrappy@https://registry.npmjs.org/wrappy/-/wrappy-1.0.2.tgz 0ms (cache hit)
536 http cache @types/webidl-conversions@https://registry.npmjs.org/@types/webidl-conversions/-/webidl-conversions-7.0.3.tgz 0ms (cache hit)
537 http cache @types/whatwg-url@https://registry.npmjs.org/@types/whatwg-url/-/whatwg-url-11.0.5.tgz 0ms (cache hit)
538 http cache sparse-bitfield@https://registry.npmjs.org/sparse-bitfield/-/sparse-bitfield-3.0.3.tgz 0ms (cache hit)
539 http cache @mongodb-js/saslprep@https://registry.npmjs.org/@mongodb-js/saslprep/-/saslprep-1.3.0.tgz 0ms (cache hit)
540 http cache mongodb-connection-string-url@https://registry.npmjs.org/mongodb-connection-string-url/-/mongodb-connection-string-url-3.0.2.tgz 0ms (cache hit)
541 http cache mquery@https://registry.npmjs.org/mquery/-/mquery-5.0.0.tgz 0ms (cache hit)
542 http cache sift@https://registry.npmjs.org/sift/-/sift-17.1.3.tgz 0ms (cache hit)
543 http cache mpath@https://registry.npmjs.org/mpath/-/mpath-0.9.0.tgz 0ms (cache hit)
544 http cache whatwg-url@https://registry.npmjs.org/whatwg-url/-/whatwg-url-14.2.0.tgz 0ms (cache hit)
545 http cache mongodb@https://registry.npmjs.org/mongodb/-/mongodb-6.18.0.tgz 0ms (cache hit)
546 http cache kareem@https://registry.npmjs.org/kareem/-/kareem-2.6.3.tgz 0ms (cache hit)
547 http cache bson@https://registry.npmjs.org/bson/-/bson-6.10.4.tgz 0ms (cache hit)
548 http cache safer-buffer@https://registry.npmjs.org/safer-buffer/-/safer-buffer-2.1.2.tgz 0ms (cache hit)
549 http cache mime-db@https://registry.npmjs.org/mime-db/-/mime-db-1.54.0.tgz 0ms (cache hit)
550 http cache inherits@https://registry.npmjs.org/inherits/-/inherits-2.0.4.tgz 0ms (cache hit)
551 http cache toidentifier@https://registry.npmjs.org/toidentifier/-/toidentifier-1.0.1.tgz 0ms (cache hit)
552 http cache setprototypeof@https://registry.npmjs.org/setprototypeof/-/setprototypeof-1.2.0.tgz 0ms (cache hit)
553 http cache depd@https://registry.npmjs.org/depd/-/depd-2.0.0.tgz 0ms (cache hit)
554 http cache ms@https://registry.npmjs.org/ms/-/ms-2.1.3.tgz 0ms (cache hit)
555 http cache iconv-lite@https://registry.npmjs.org/iconv-lite/-/iconv-lite-0.6.3.tgz 0ms (cache hit)
556 http cache raw-body@https://registry.npmjs.org/raw-body/-/raw-body-3.0.0.tgz 0ms (cache hit)
557 http cache safe-buffer@https://registry.npmjs.org/safe-buffer/-/safe-buffer-5.2.1.tgz 1ms (cache hit)
558 http cache bytes@https://registry.npmjs.org/bytes/-/bytes-3.1.2.tgz 0ms (cache hit)
559 http cache type-is@https://registry.npmjs.org/type-is/-/type-is-2.0.1.tgz 0ms (cache hit)
560 http cache serve-static@https://registry.npmjs.org/serve-static/-/serve-static-2.2.0.tgz 0ms (cache hit)
561 http cache statuses@https://registry.npmjs.org/statuses/-/statuses-2.0.2.tgz 0ms (cache hit)
562 http cache negotiator@https://registry.npmjs.org/negotiator/-/negotiator-1.0.0.tgz 0ms (cache hit)
563 http cache qs@https://registry.npmjs.org/qs/-/qs-6.14.0.tgz 0ms (cache hit)
564 http cache router@https://registry.npmjs.org/router/-/router-2.2.0.tgz 0ms (cache hit)
565 http cache send@https://registry.npmjs.org/send/-/send-1.2.0.tgz 0ms (cache hit)
566 http cache range-parser@https://registry.npmjs.org/range-parser/-/range-parser-1.2.1.tgz 0ms (cache hit)
567 http cache proxy-addr@https://registry.npmjs.org/proxy-addr/-/proxy-addr-2.0.7.tgz 0ms (cache hit)
568 http cache parseurl@https://registry.npmjs.org/parseurl/-/parseurl-1.3.3.tgz 0ms (cache hit)
569 http cache on-finished@https://registry.npmjs.org/on-finished/-/on-finished-2.4.1.tgz 0ms (cache hit)
570 http cache mime-types@https://registry.npmjs.org/mime-types/-/mime-types-3.0.1.tgz 0ms (cache hit)
571 http cache once@https://registry.npmjs.org/once/-/once-1.4.0.tgz 0ms (cache hit)
572 http cache merge-descriptors@https://registry.npmjs.org/merge-descriptors/-/merge-descriptors-2.0.0.tgz 0ms (cache hit)
573 http cache finalhandler@https://registry.npmjs.org/finalhandler/-/finalhandler-2.1.0.tgz 0ms (cache hit)
574 http cache http-errors@https://registry.npmjs.org/http-errors/-/http-errors-2.0.0.tgz 0ms (cache hit)
575 http cache etag@https://registry.npmjs.org/etag/-/etag-1.8.1.tgz 0ms (cache hit)
576 http cache escape-html@https://registry.npmjs.org/escape-html/-/escape-html-1.0.3.tgz 0ms (cache hit)
577 http cache debug@https://registry.npmjs.org/debug/-/debug-4.4.1.tgz 0ms (cache hit)
578 http cache encodeurl@https://registry.npmjs.org/encodeurl/-/encodeurl-2.0.0.tgz 0ms (cache hit)
579 http cache cookie-signature@https://registry.npmjs.org/cookie-signature/-/cookie-signature-1.2.2.tgz 0ms (cache hit)
580 http cache cookie@https://registry.npmjs.org/cookie/-/cookie-0.7.2.tgz 0ms (cache hit)
581 http cache content-type@https://registry.npmjs.org/content-type/-/content-type-1.0.5.tgz 0ms (cache hit)
582 http cache body-parser@https://registry.npmjs.org/body-parser/-/body-parser-2.2.0.tgz 0ms (cache hit)
583 http cache content-disposition@https://registry.npmjs.org/content-disposition/-/content-disposition-1.0.0.tgz 0ms (cache hit)
584 http cache accepts@https://registry.npmjs.org/accepts/-/accepts-2.0.0.tgz 0ms (cache hit)
585 http cache vary@https://registry.npmjs.org/vary/-/vary-1.1.2.tgz 0ms (cache hit)
586 http cache object-assign@https://registry.npmjs.org/object-assign/-/object-assign-4.1.1.tgz 0ms (cache hit)
587 http cache mongoose@https://registry.npmjs.org/mongoose/-/mongoose-8.17.2.tgz 0ms (cache hit)
588 http cache express@https://registry.npmjs.org/express/-/express-5.1.0.tgz 0ms (cache hit)
589 http cache fresh@https://registry.npmjs.org/fresh/-/fresh-2.0.0.tgz 0ms (cache hit)
590 silly tarball no local data for punycode@https://registry.npmjs.org/punycode/-/punycode-2.3.1.tgz. Extracting by manifest.
591 silly tarball no local data for tr46@https://registry.npmjs.org/tr46/-/tr46-5.1.1.tgz. Extracting by manifest.
592 silly tarball no local data for webidl-conversions@https://registry.npmjs.org/webidl-conversions/-/webidl-conversions-7.0.0.tgz. Extracting by manifest.
593 silly tarball no local data for media-typer@https://registry.npmjs.org/media-typer/-/media-typer-1.1.0.tgz. Extracting by manifest.
594 silly tarball no local data for math-intrinsics@https://registry.npmjs.org/math-intrinsics/-/math-intrinsics-1.1.0.tgz. Extracting by manifest.
595 silly tarball no local data for dunder-proto@https://registry.npmjs.org/dunder-proto/-/dunder-proto-1.0.1.tgz. Extracting by manifest.
596 silly tarball no local data for memory-pager@https://registry.npmjs.org/memory-pager/-/memory-pager-1.5.0.tgz. Extracting by manifest.
597 silly tarball no local data for has-symbols@https://registry.npmjs.org/has-symbols/-/has-symbols-1.1.0.tgz. Extracting by manifest.
598 silly tarball no local data for gopd@https://registry.npmjs.org/gopd/-/gopd-1.2.0.tgz. Extracting by manifest.
599 silly tarball no local data for hasown@https://registry.npmjs.org/hasown/-/hasown-2.0.2.tgz. Extracting by manifest.
600 http cache statuses@https://registry.npmjs.org/statuses/-/statuses-2.0.1.tgz 0ms (cache hit)
601 silly tarball no local data for get-proto@https://registry.npmjs.org/get-proto/-/get-proto-1.0.1.tgz. Extracting by manifest.
602 silly tarball no local data for function-bind@https://registry.npmjs.org/function-bind/-/function-bind-1.1.2.tgz. Extracting by manifest.
603 silly tarball no local data for es-object-atoms@https://registry.npmjs.org/es-object-atoms/-/es-object-atoms-1.1.1.tgz. Extracting by manifest.
604 silly tarball no local data for es-define-property@https://registry.npmjs.org/es-define-property/-/es-define-property-1.0.1.tgz. Extracting by manifest.
605 silly tarball no local data for get-intrinsic@https://registry.npmjs.org/get-intrinsic/-/get-intrinsic-1.3.0.tgz. Extracting by manifest.
606 silly tarball no local data for call-bound@https://registry.npmjs.org/call-bound/-/call-bound-1.0.4.tgz. Extracting by manifest.
607 silly tarball no local data for side-channel-weakmap@https://registry.npmjs.org/side-channel-weakmap/-/side-channel-weakmap-1.0.2.tgz. Extracting by manifest.
608 silly tarball no local data for call-bind-apply-helpers@https://registry.npmjs.org/call-bind-apply-helpers/-/call-bind-apply-helpers-1.0.2.tgz. Extracting by manifest.
609 silly tarball no local data for side-channel-map@https://registry.npmjs.org/side-channel-map/-/side-channel-map-1.0.1.tgz. Extracting by manifest.
610 silly tarball no local data for object-inspect@https://registry.npmjs.org/object-inspect/-/object-inspect-1.13.4.tgz. Extracting by manifest.
611 silly tarball no local data for side-channel-list@https://registry.npmjs.org/side-channel-list/-/side-channel-list-1.0.0.tgz. Extracting by manifest.
612 silly tarball no local data for es-errors@https://registry.npmjs.org/es-errors/-/es-errors-1.3.0.tgz. Extracting by manifest.
613 silly tarball no local data for path-to-regexp@https://registry.npmjs.org/path-to-regexp/-/path-to-regexp-8.2.0.tgz. Extracting by manifest.
614 silly tarball no local data for is-promise@https://registry.npmjs.org/is-promise/-/is-promise-4.0.0.tgz. Extracting by manifest.
615 silly tarball no local data for unpipe@https://registry.npmjs.org/unpipe/-/unpipe-1.0.0.tgz. Extracting by manifest.
616 silly tarball no local data for side-channel@https://registry.npmjs.org/side-channel/-/side-channel-1.1.0.tgz. Extracting by manifest.
617 silly tarball no local data for ipaddr.js@https://registry.npmjs.org/ipaddr.js/-/ipaddr.js-1.9.1.tgz. Extracting by manifest.
618 silly tarball no local data for forwarded@https://registry.npmjs.org/forwarded/-/forwarded-0.2.0.tgz. Extracting by manifest.
619 silly tarball no local data for ee-first@https://registry.npmjs.org/ee-first/-/ee-first-1.1.1.tgz. Extracting by manifest.
620 silly tarball no local data for wrappy@https://registry.npmjs.org/wrappy/-/wrappy-1.0.2.tgz. Extracting by manifest.
621 silly tarball no local data for @types/webidl-conversions@https://registry.npmjs.org/@types/webidl-conversions/-/webidl-conversions-7.0.3.tgz. Extracting by manifest.
622 silly tarball no local data for @types/whatwg-url@https://registry.npmjs.org/@types/whatwg-url/-/whatwg-url-11.0.5.tgz. Extracting by manifest.
623 silly tarball no local data for sparse-bitfield@https://registry.npmjs.org/sparse-bitfield/-/sparse-bitfield-3.0.3.tgz. Extracting by manifest.
624 silly tarball no local data for @mongodb-js/saslprep@https://registry.npmjs.org/@mongodb-js/saslprep/-/saslprep-1.3.0.tgz. Extracting by manifest.
625 http cache cors@https://registry.npmjs.org/cors/-/cors-2.8.5.tgz 0ms (cache hit)
626 silly tarball no local data for mongodb-connection-string-url@https://registry.npmjs.org/mongodb-connection-string-url/-/mongodb-connection-string-url-3.0.2.tgz. Extracting by manifest.
627 silly tarball no local data for mquery@https://registry.npmjs.org/mquery/-/mquery-5.0.0.tgz. Extracting by manifest.
628 silly tarball no local data for sift@https://registry.npmjs.org/sift/-/sift-17.1.3.tgz. Extracting by manifest.
629 silly tarball no local data for mpath@https://registry.npmjs.org/mpath/-/mpath-0.9.0.tgz. Extracting by manifest.
630 silly tarball no local data for whatwg-url@https://registry.npmjs.org/whatwg-url/-/whatwg-url-14.2.0.tgz. Extracting by manifest.
631 silly tarball no local data for mongodb@https://registry.npmjs.org/mongodb/-/mongodb-6.18.0.tgz. Extracting by manifest.
632 silly tarball no local data for kareem@https://registry.npmjs.org/kareem/-/kareem-2.6.3.tgz. Extracting by manifest.
633 silly tarball no local data for bson@https://registry.npmjs.org/bson/-/bson-6.10.4.tgz. Extracting by manifest.
634 silly tarball no local data for safer-buffer@https://registry.npmjs.org/safer-buffer/-/safer-buffer-2.1.2.tgz. Extracting by manifest.
635 silly tarball no local data for mime-db@https://registry.npmjs.org/mime-db/-/mime-db-1.54.0.tgz. Extracting by manifest.
636 silly tarball no local data for inherits@https://registry.npmjs.org/inherits/-/inherits-2.0.4.tgz. Extracting by manifest.
637 silly tarball no local data for toidentifier@https://registry.npmjs.org/toidentifier/-/toidentifier-1.0.1.tgz. Extracting by manifest.
638 silly tarball no local data for setprototypeof@https://registry.npmjs.org/setprototypeof/-/setprototypeof-1.2.0.tgz. Extracting by manifest.
639 silly tarball no local data for depd@https://registry.npmjs.org/depd/-/depd-2.0.0.tgz. Extracting by manifest.
640 silly tarball no local data for ms@https://registry.npmjs.org/ms/-/ms-2.1.3.tgz. Extracting by manifest.
641 silly tarball no local data for iconv-lite@https://registry.npmjs.org/iconv-lite/-/iconv-lite-0.6.3.tgz. Extracting by manifest.
642 silly tarball no local data for raw-body@https://registry.npmjs.org/raw-body/-/raw-body-3.0.0.tgz. Extracting by manifest.
643 silly tarball no local data for safe-buffer@https://registry.npmjs.org/safe-buffer/-/safe-buffer-5.2.1.tgz. Extracting by manifest.
644 silly tarball no local data for bytes@https://registry.npmjs.org/bytes/-/bytes-3.1.2.tgz. Extracting by manifest.
645 silly tarball no local data for type-is@https://registry.npmjs.org/type-is/-/type-is-2.0.1.tgz. Extracting by manifest.
646 silly tarball no local data for serve-static@https://registry.npmjs.org/serve-static/-/serve-static-2.2.0.tgz. Extracting by manifest.
647 silly tarball no local data for statuses@https://registry.npmjs.org/statuses/-/statuses-2.0.2.tgz. Extracting by manifest.
648 silly tarball no local data for negotiator@https://registry.npmjs.org/negotiator/-/negotiator-1.0.0.tgz. Extracting by manifest.
649 silly tarball no local data for qs@https://registry.npmjs.org/qs/-/qs-6.14.0.tgz. Extracting by manifest.
650 silly tarball no local data for router@https://registry.npmjs.org/router/-/router-2.2.0.tgz. Extracting by manifest.
651 silly tarball no local data for send@https://registry.npmjs.org/send/-/send-1.2.0.tgz. Extracting by manifest.
652 silly tarball no local data for range-parser@https://registry.npmjs.org/range-parser/-/range-parser-1.2.1.tgz. Extracting by manifest.
653 silly tarball no local data for proxy-addr@https://registry.npmjs.org/proxy-addr/-/proxy-addr-2.0.7.tgz. Extracting by manifest.
654 silly tarball no local data for parseurl@https://registry.npmjs.org/parseurl/-/parseurl-1.3.3.tgz. Extracting by manifest.
655 silly tarball no local data for on-finished@https://registry.npmjs.org/on-finished/-/on-finished-2.4.1.tgz. Extracting by manifest.
656 silly tarball no local data for mime-types@https://registry.npmjs.org/mime-types/-/mime-types-3.0.1.tgz. Extracting by manifest.
657 silly tarball no local data for once@https://registry.npmjs.org/once/-/once-1.4.0.tgz. Extracting by manifest.
658 silly tarball no local data for merge-descriptors@https://registry.npmjs.org/merge-descriptors/-/merge-descriptors-2.0.0.tgz. Extracting by manifest.
659 silly tarball no local data for finalhandler@https://registry.npmjs.org/finalhandler/-/finalhandler-2.1.0.tgz. Extracting by manifest.
660 silly tarball no local data for http-errors@https://registry.npmjs.org/http-errors/-/http-errors-2.0.0.tgz. Extracting by manifest.
661 silly tarball no local data for etag@https://registry.npmjs.org/etag/-/etag-1.8.1.tgz. Extracting by manifest.
662 silly tarball no local data for escape-html@https://registry.npmjs.org/escape-html/-/escape-html-1.0.3.tgz. Extracting by manifest.
663 silly tarball no local data for debug@https://registry.npmjs.org/debug/-/debug-4.4.1.tgz. Extracting by manifest.
664 silly tarball no local data for encodeurl@https://registry.npmjs.org/encodeurl/-/encodeurl-2.0.0.tgz. Extracting by manifest.
665 silly tarball no local data for cookie-signature@https://registry.npmjs.org/cookie-signature/-/cookie-signature-1.2.2.tgz. Extracting by manifest.
666 silly tarball no local data for cookie@https://registry.npmjs.org/cookie/-/cookie-0.7.2.tgz. Extracting by manifest.
667 silly tarball no local data for content-type@https://registry.npmjs.org/content-type/-/content-type-1.0.5.tgz. Extracting by manifest.
668 silly tarball no local data for body-parser@https://registry.npmjs.org/body-parser/-/body-parser-2.2.0.tgz. Extracting by manifest.
669 silly tarball no local data for content-disposition@https://registry.npmjs.org/content-disposition/-/content-disposition-1.0.0.tgz. Extracting by manifest.
670 silly tarball no local data for accepts@https://registry.npmjs.org/accepts/-/accepts-2.0.0.tgz. Extracting by manifest.
671 silly tarball no local data for vary@https://registry.npmjs.org/vary/-/vary-1.1.2.tgz. Extracting by manifest.
672 silly tarball no local data for object-assign@https://registry.npmjs.org/object-assign/-/object-assign-4.1.1.tgz. Extracting by manifest.
673 silly tarball no local data for mongoose@https://registry.npmjs.org/mongoose/-/mongoose-8.17.2.tgz. Extracting by manifest.
674 silly tarball no local data for express@https://registry.npmjs.org/express/-/express-5.1.0.tgz. Extracting by manifest.
675 silly tarball no local data for fresh@https://registry.npmjs.org/fresh/-/fresh-2.0.0.tgz. Extracting by manifest.
676 silly tarball no local data for statuses@https://registry.npmjs.org/statuses/-/statuses-2.0.1.tgz. Extracting by manifest.
677 silly tarball no local data for cors@https://registry.npmjs.org/cors/-/cors-2.8.5.tgz. Extracting by manifest.
678 http fetch GET 200 https://registry.npmjs.org/math-intrinsics/-/math-intrinsics-1.1.0.tgz 146ms (cache miss)
679 http fetch GET 200 https://registry.npmjs.org/dunder-proto/-/dunder-proto-1.0.1.tgz 148ms (cache miss)
680 http fetch GET 200 https://registry.npmjs.org/media-typer/-/media-typer-1.1.0.tgz 168ms (cache miss)
681 http fetch GET 200 https://registry.npmjs.org/punycode/-/punycode-2.3.1.tgz 171ms (cache miss)
682 http fetch GET 200 https://registry.npmjs.org/tr46/-/tr46-5.1.1.tgz 204ms (cache miss)
683 http fetch GET 200 https://registry.npmjs.org/webidl-conversions/-/webidl-conversions-7.0.0.tgz 213ms (cache miss)
684 http fetch GET 200 https://registry.npmjs.org/get-intrinsic/-/get-intrinsic-1.3.0.tgz 213ms (cache miss)
685 http fetch GET 200 https://registry.npmjs.org/side-channel-weakmap/-/side-channel-weakmap-1.0.2.tgz 214ms (cache miss)
686 http fetch GET 200 https://registry.npmjs.org/call-bound/-/call-bound-1.0.4.tgz 216ms (cache miss)
687 http fetch GET 200 https://registry.npmjs.org/call-bind-apply-helpers/-/call-bind-apply-helpers-1.0.2.tgz 258ms (cache miss)
688 http fetch GET 200 https://registry.npmjs.org/side-channel-map/-/side-channel-map-1.0.1.tgz 258ms (cache miss)
689 http fetch GET 200 https://registry.npmjs.org/side-channel-list/-/side-channel-list-1.0.0.tgz 289ms (cache miss)
690 http fetch GET 200 https://registry.npmjs.org/path-to-regexp/-/path-to-regexp-8.2.0.tgz 292ms (cache miss)
691 http fetch GET 200 https://registry.npmjs.org/es-errors/-/es-errors-1.3.0.tgz 293ms (cache miss)
692 http fetch GET 200 https://registry.npmjs.org/memory-pager/-/memory-pager-1.5.0.tgz 300ms (cache miss)
693 http fetch GET 200 https://registry.npmjs.org/get-proto/-/get-proto-1.0.1.tgz 306ms (cache miss)
694 http fetch GET 200 https://registry.npmjs.org/is-promise/-/is-promise-4.0.0.tgz 324ms (cache miss)
695 http fetch POST 200 https://registry.npmjs.org/-/npm/v1/security/advisories/bulk 383ms
696 silly audit report {}
697 http fetch GET 200 https://registry.npmjs.org/gopd/-/gopd-1.2.0.tgz 374ms (cache miss)
698 http fetch GET 200 https://registry.npmjs.org/has-symbols/-/has-symbols-1.1.0.tgz 376ms (cache miss)
699 http fetch GET 200 https://registry.npmjs.org/function-bind/-/function-bind-1.1.2.tgz 379ms (cache miss)
700 http fetch GET 200 https://registry.npmjs.org/object-inspect/-/object-inspect-1.13.4.tgz 384ms (cache miss)
701 http fetch GET 200 https://registry.npmjs.org/unpipe/-/unpipe-1.0.0.tgz 411ms (cache miss)
702 http fetch GET 200 https://registry.npmjs.org/side-channel/-/side-channel-1.1.0.tgz 410ms (cache miss)
703 http fetch GET 200 https://registry.npmjs.org/hasown/-/hasown-2.0.2.tgz 423ms (cache miss)
704 http fetch GET 200 https://registry.npmjs.org/es-define-property/-/es-define-property-1.0.1.tgz 425ms (cache miss)
705 http fetch GET 200 https://registry.npmjs.org/es-object-atoms/-/es-object-atoms-1.1.1.tgz 432ms (cache miss)
706 http fetch GET 200 https://registry.npmjs.org/forwarded/-/forwarded-0.2.0.tgz 436ms (cache miss)
707 http fetch GET 200 https://registry.npmjs.org/ee-first/-/ee-first-1.1.1.tgz 436ms (cache miss)
708 http fetch GET 200 https://registry.npmjs.org/ipaddr.js/-/ipaddr.js-1.9.1.tgz 447ms (cache miss)
709 http fetch GET 200 https://registry.npmjs.org/sparse-bitfield/-/sparse-bitfield-3.0.3.tgz 467ms (cache miss)
710 http fetch GET 200 https://registry.npmjs.org/wrappy/-/wrappy-1.0.2.tgz 502ms (cache miss)
711 http fetch GET 200 https://registry.npmjs.org/mongodb-connection-string-url/-/mongodb-connection-string-url-3.0.2.tgz 528ms (cache miss)
712 http fetch GET 200 https://registry.npmjs.org/whatwg-url/-/whatwg-url-14.2.0.tgz 565ms (cache miss)
713 http fetch GET 200 https://registry.npmjs.org/@types/whatwg-url/-/whatwg-url-11.0.5.tgz 675ms (cache miss)
714 http fetch GET 200 https://registry.npmjs.org/@types/webidl-conversions/-/webidl-conversions-7.0.3.tgz 676ms (cache miss)
715 http fetch GET 200 https://registry.npmjs.org/kareem/-/kareem-2.6.3.tgz 670ms (cache miss)
716 http fetch GET 200 https://registry.npmjs.org/mime-db/-/mime-db-1.54.0.tgz 827ms (cache miss)
717 http fetch GET 200 https://registry.npmjs.org/inherits/-/inherits-2.0.4.tgz 843ms (cache miss)
718 http fetch GET 200 https://registry.npmjs.org/depd/-/depd-2.0.0.tgz 1183ms (cache miss)
719 http fetch GET 200 https://registry.npmjs.org/mquery/-/mquery-5.0.0.tgz 1469ms (cache miss)
720 http fetch GET 200 https://registry.npmjs.org/ms/-/ms-2.1.3.tgz 1606ms (cache miss)
721 http fetch GET 200 https://registry.npmjs.org/safer-buffer/-/safer-buffer-2.1.2.tgz 1689ms (cache miss)
722 http fetch GET 200 https://registry.npmjs.org/raw-body/-/raw-body-3.0.0.tgz 1771ms (cache miss)
723 http fetch GET 200 https://registry.npmjs.org/toidentifier/-/toidentifier-1.0.1.tgz 1867ms (cache miss)
724 http fetch GET 200 https://registry.npmjs.org/setprototypeof/-/setprototypeof-1.2.0.tgz 1868ms (cache miss)
725 http fetch GET 200 https://registry.npmjs.org/bson/-/bson-6.10.4.tgz 2095ms (cache miss)
726 http fetch GET 200 https://registry.npmjs.org/safe-buffer/-/safe-buffer-5.2.1.tgz 2326ms (cache miss)
727 http fetch GET 200 https://registry.npmjs.org/bytes/-/bytes-3.1.2.tgz 2395ms (cache miss)
728 http fetch GET 200 https://registry.npmjs.org/type-is/-/type-is-2.0.1.tgz 2768ms (cache miss)
729 http fetch GET 200 https://registry.npmjs.org/sift/-/sift-17.1.3.tgz 2812ms (cache miss)
730 http fetch GET 200 https://registry.npmjs.org/serve-static/-/serve-static-2.2.0.tgz 3014ms (cache miss)
731 http fetch GET 200 https://registry.npmjs.org/mongodb/-/mongodb-6.18.0.tgz 3087ms (cache miss)
732 http fetch GET 200 https://registry.npmjs.org/statuses/-/statuses-2.0.2.tgz 3083ms (cache miss)
733 http fetch GET 200 https://registry.npmjs.org/iconv-lite/-/iconv-lite-0.6.3.tgz 3098ms (cache miss)
734 http fetch GET 200 https://registry.npmjs.org/negotiator/-/negotiator-1.0.0.tgz 3123ms (cache miss)
735 http fetch GET 200 https://registry.npmjs.org/qs/-/qs-6.14.0.tgz 3198ms (cache miss)
736 http fetch GET 200 https://registry.npmjs.org/range-parser/-/range-parser-1.2.1.tgz 3283ms (cache miss)
737 http fetch GET 200 https://registry.npmjs.org/send/-/send-1.2.0.tgz 3291ms (cache miss)
738 http fetch GET 200 https://registry.npmjs.org/proxy-addr/-/proxy-addr-2.0.7.tgz 3426ms (cache miss)
739 http fetch GET 200 https://registry.npmjs.org/parseurl/-/parseurl-1.3.3.tgz 3579ms (cache miss)
740 http fetch GET 200 https://registry.npmjs.org/@mongodb-js/saslprep/-/saslprep-1.3.0.tgz 3715ms (cache miss)
741 http fetch GET 200 https://registry.npmjs.org/mpath/-/mpath-0.9.0.tgz 3746ms (cache miss)
742 http fetch GET 200 https://registry.npmjs.org/once/-/once-1.4.0.tgz 3943ms (cache miss)
743 http fetch GET 200 https://registry.npmjs.org/on-finished/-/on-finished-2.4.1.tgz 3957ms (cache miss)
744 http fetch GET 200 https://registry.npmjs.org/etag/-/etag-1.8.1.tgz 3975ms (cache miss)
745 http fetch GET 200 https://registry.npmjs.org/merge-descriptors/-/merge-descriptors-2.0.0.tgz 3982ms (cache miss)
746 http fetch GET 200 https://registry.npmjs.org/finalhandler/-/finalhandler-2.1.0.tgz 3988ms (cache miss)
747 http fetch GET 200 https://registry.npmjs.org/escape-html/-/escape-html-1.0.3.tgz 3987ms (cache miss)
748 http fetch GET 200 https://registry.npmjs.org/http-errors/-/http-errors-2.0.0.tgz 3987ms (cache miss)
749 http fetch GET 200 https://registry.npmjs.org/mime-types/-/mime-types-3.0.1.tgz 3990ms (cache miss)
750 http fetch GET 200 https://registry.npmjs.org/router/-/router-2.2.0.tgz 3996ms (cache miss)
751 http fetch GET 200 https://registry.npmjs.org/cookie-signature/-/cookie-signature-1.2.2.tgz 4048ms (cache miss)
752 http fetch GET 200 https://registry.npmjs.org/debug/-/debug-4.4.1.tgz 4056ms (cache miss)
753 http fetch GET 200 https://registry.npmjs.org/encodeurl/-/encodeurl-2.0.0.tgz 4096ms (cache miss)
754 http fetch GET 200 https://registry.npmjs.org/body-parser/-/body-parser-2.2.0.tgz 4146ms (cache miss)
755 http fetch GET 200 https://registry.npmjs.org/cookie/-/cookie-0.7.2.tgz 4161ms (cache miss)
756 http fetch GET 200 https://registry.npmjs.org/content-type/-/content-type-1.0.5.tgz 4228ms (cache miss)
757 http fetch GET 200 https://registry.npmjs.org/content-disposition/-/content-disposition-1.0.0.tgz 5010ms (cache miss)
758 http fetch GET 200 https://registry.npmjs.org/fresh/-/fresh-2.0.0.tgz 5011ms (cache miss)
759 http fetch GET 200 https://registry.npmjs.org/vary/-/vary-1.1.2.tgz 5013ms (cache miss)
760 http fetch GET 200 https://registry.npmjs.org/accepts/-/accepts-2.0.0.tgz 5014ms (cache miss)
761 http fetch GET 200 https://registry.npmjs.org/express/-/express-5.1.0.tgz 5032ms (cache miss)
762 http fetch GET 200 https://registry.npmjs.org/object-assign/-/object-assign-4.1.1.tgz 5110ms (cache miss)
763 http fetch GET 200 https://registry.npmjs.org/statuses/-/statuses-2.0.1.tgz 5111ms (cache miss)
764 http fetch GET 200 https://registry.npmjs.org/cors/-/cors-2.8.5.tgz 5188ms (cache miss)
765 http fetch GET 200 https://registry.npmjs.org/mongoose/-/mongoose-8.17.2.tgz 6241ms (cache miss)
766 silly ADD node_modules/punycode
767 silly ADD node_modules/webidl-conversions
768 silly ADD node_modules/tr46
769 silly ADD node_modules/media-typer
770 silly ADD node_modules/memory-pager
771 silly ADD node_modules/dunder-proto
772 silly ADD node_modules/math-intrinsics
773 silly ADD node_modules/hasown
774 silly ADD node_modules/has-symbols
775 silly ADD node_modules/gopd
776 silly ADD node_modules/get-proto
777 silly ADD node_modules/es-object-atoms
778 silly ADD node_modules/es-define-property
779 silly ADD node_modules/function-bind
780 silly ADD node_modules/call-bind-apply-helpers
781 silly ADD node_modules/get-intrinsic
782 silly ADD node_modules/call-bound
783 silly ADD node_modules/side-channel-weakmap
784 silly ADD node_modules/side-channel-map
785 silly ADD node_modules/side-channel-list
786 silly ADD node_modules/object-inspect
787 silly ADD node_modules/es-errors
788 silly ADD node_modules/path-to-regexp
789 silly ADD node_modules/is-promise
790 silly ADD node_modules/unpipe
791 silly ADD node_modules/side-channel
792 silly ADD node_modules/ipaddr.js
793 silly ADD node_modules/forwarded
794 silly ADD node_modules/wrappy
795 silly ADD node_modules/ee-first
796 silly ADD node_modules/@types/webidl-conversions
797 silly ADD node_modules/whatwg-url
798 silly ADD node_modules/@types/whatwg-url
799 silly ADD node_modules/sparse-bitfield
800 silly ADD node_modules/mongodb-connection-string-url
801 silly ADD node_modules/@mongodb-js/saslprep
802 silly ADD node_modules/sift
803 silly ADD node_modules/mquery
804 silly ADD node_modules/mpath
805 silly ADD node_modules/mongodb
806 silly ADD node_modules/kareem
807 silly ADD node_modules/bson
808 silly ADD node_modules/mime-db
809 silly ADD node_modules/safer-buffer
810 silly ADD node_modules/toidentifier
811 silly ADD node_modules/setprototypeof
812 silly ADD node_modules/inherits
813 silly ADD node_modules/depd
814 silly ADD node_modules/ms
815 silly ADD node_modules/safe-buffer
816 silly ADD node_modules/raw-body
817 silly ADD node_modules/iconv-lite
818 silly ADD node_modules/bytes
819 silly ADD node_modules/negotiator
820 silly ADD node_modules/type-is
821 silly ADD node_modules/statuses
822 silly ADD node_modules/serve-static
823 silly ADD node_modules/send
824 silly ADD node_modules/router
825 silly ADD node_modules/range-parser
826 silly ADD node_modules/qs
827 silly ADD node_modules/proxy-addr
828 silly ADD node_modules/parseurl
829 silly ADD node_modules/once
830 silly ADD node_modules/on-finished
831 silly ADD node_modules/mime-types
832 silly ADD node_modules/merge-descriptors
833 silly ADD node_modules/http-errors
834 silly ADD node_modules/http-errors/node_modules/statuses
835 silly ADD node_modules/fresh
836 silly ADD node_modules/finalhandler
837 silly ADD node_modules/etag
838 silly ADD node_modules/escape-html
839 silly ADD node_modules/encodeurl
840 silly ADD node_modules/debug
841 silly ADD node_modules/cookie-signature
842 silly ADD node_modules/cookie
843 silly ADD node_modules/content-type
844 silly ADD node_modules/content-disposition
845 silly ADD node_modules/body-parser
846 silly ADD node_modules/accepts
847 silly ADD node_modules/vary
848 silly ADD node_modules/object-assign
849 silly ADD node_modules/mongoose
850 silly ADD node_modules/express
851 silly ADD node_modules/cors
852 verbose cwd C:\Users\hp\Desktop\Web-dev\React.dev\Todo-app\project-backend
853 verbose os Windows_NT 10.0.26100
854 verbose node v22.16.0
855 verbose npm  v11.5.1
856 verbose exit 0
857 info ok
