0 verbose cli C:\Program Files\nodejs\node.exe C:\Users\hp\AppData\Roaming\npm\node_modules\npm\bin\npm-cli.js
1 info using npm@10.9.0
2 info using node@v20.15.1
3 silly config load:file:C:\Users\hp\AppData\Roaming\npm\node_modules\npm\npmrc
4 silly config load:file:C:\Users\hp\Desktop\Web-dev\React.dev\Todo-app\.npmrc
5 silly config load:file:C:\Users\hp\.npmrc
6 silly config load:file:C:\Users\hp\AppData\Roaming\npm\etc\npmrc
7 verbose title npm create vite@latest
8 verbose argv "create" "vite@latest"
9 verbose logfile logs-max:10 dir:C:\Users\hp\Desktop\Web-dev\React.dev\Todo-app\UsershpAppDataLocalTempnpm-cache\_logs\2025-03-21T12_47_30_139Z-
10 verbose logfile C:\Users\hp\Desktop\Web-dev\React.dev\Todo-app\UsershpAppDataLocalTempnpm-cache\_logs\2025-03-21T12_47_30_139Z-debug-0.log
11 silly logfile done cleaning log files
12 silly packumentCache heap:2197815296 maxSize:549453824 maxEntrySize:274726912
13 http fetch GET 200 https://registry.npmjs.org/create-vite 345ms (cache miss)
14 silly packumentCache heap:2197815296 maxSize:549453824 maxEntrySize:274726912
15 http fetch GET 200 https://registry.npmjs.org/npm 472ms
16 silly idealTree buildDeps
17 silly fetch manifest create-vite@6.3.1
18 silly packumentCache full:https://registry.npmjs.org/create-vite cache-miss
19 http fetch GET 200 https://registry.npmjs.org/create-vite 1006ms (cache miss)
20 silly packumentCache full:https://registry.npmjs.org/create-vite set size:undefined disposed:false
21 silly placeDep ROOT create-vite@6.3.1 OK for:  want: 6.3.1
22 silly reify moves {}
23 silly audit bulk request { 'create-vite': [ '6.3.1' ] }
24 silly tarball no local data for create-vite@https://registry.npmjs.org/create-vite/-/create-vite-6.3.1.tgz. Extracting by manifest.
25 http fetch POST 200 https://registry.npmjs.org/-/npm/v1/security/advisories/bulk 543ms
26 silly audit report {}
27 http fetch GET 200 https://registry.npmjs.org/create-vite/-/create-vite-6.3.1.tgz 735ms (cache miss)
28 verbose cwd C:\Users\hp\Desktop\Web-dev\React.dev\Todo-app
29 verbose os Windows_NT 10.0.26100
30 verbose node v20.15.1
31 verbose npm  v10.9.0
32 notice
32 notice New [31mmajor[39m version of npm available! [31m10.9.0[39m -> [34m11.2.0[39m
32 notice Changelog: [34mhttps://github.com/npm/cli/releases/tag/v11.2.0[39m
32 notice To update run: [4mnpm install -g npm@11.2.0[24m
32 notice  { force: true, [Symbol(proc-log.meta)]: true }
33 verbose exit 0
34 info ok
